This is LuaHBTeX, Version 1.17.1 (MiKTeX 24.1) (format=lualatex 2025.10.13)  17 OCT 2025 00:00
 restricted system commands enabled.
**"Ravindra cv.tex"
("./Ravindra cv.tex"
LaTeX2e <2023-11-01> patch level 1
L3 programming layer <2024-01-04>
Lua module: luaotfload 2023-08-31 3.26 Lua based OpenType font support
Lua module: lualibs 2023-07-13 2.76 ConTeXt Lua standard libraries.
Lua module: lualibs-extended 2023-07-13 2.76 ConTeXt Lua libraries -- extended c
ollection.
luaotfload | conf : Root cache directory is "C:/Users/vedant/AppData/Local/MiKTe
X/luatex-cache/generic/names".
luaotfload | init : Loading fontloader "fontloader-2023-08-19.lua" from kpse-res
olved path "C:/Program Files/MiKTeX/tex/luatex/luaotfload/fontloader-2023-08-19.
lua".
Lua-only attribute luaotfload@noligature = 1
luaotfload | init : Context OpenType loader version 3.133
Inserting `luaotfload.node_processor' in `pre_linebreak_filter'.
Inserting `luaotfload.node_processor' in `hpack_filter'.
Inserting `luaotfload.glyph_stream' in `glyph_stream_provider'.
Inserting `luaotfload.define_font' in `define_font'.
Lua-only attribute luaotfload_color_attribute = 2
luaotfload | conf : Root cache directory is "C:/Users/vedant/AppData/Local/MiKTe
X/luatex-cache/generic/names".
Inserting `luaotfload.harf.strip_prefix' in `find_opentype_file'.
Inserting `luaotfload.harf.strip_prefix' in `find_truetype_file'.
Removing  `luaotfload.glyph_stream' from `glyph_stream_provider'.
Inserting `luaotfload.harf.glyphstream' in `glyph_stream_provider'.
Inserting `luaotfload.harf.finalize_vlist' in `post_linebreak_filter'.
Inserting `luaotfload.harf.finalize_hlist' in `hpack_filter'.
Inserting `luaotfload.cleanup_files' in `wrapup_run'.
Inserting `luaotfload.harf.finalize_unicode' in `finish_pdffile'.
Inserting `luaotfload.glyphinfo' in `glyph_info'.
Lua-only attribute luaotfload.letterspace_done = 3
Inserting `luaotfload.aux.set_sscale_dimens' in `luaotfload.patch_font'.
Inserting `luaotfload.aux.set_font_index' in `luaotfload.patch_font'.
Inserting `luaotfload.aux.patch_cambria_domh' in `luaotfload.patch_font'.
Inserting `luaotfload.aux.fixup_fontdata' in `luaotfload.patch_font_unsafe'.
Inserting `luaotfload.aux.set_capheight' in `luaotfload.patch_font'.
Inserting `luaotfload.aux.set_xheight' in `luaotfload.patch_font'.
Inserting `luaotfload.rewrite_fontname' in `luaotfload.patch_font'.
Inserting `tracingstacklevels' in `input_level_string'. (./yaac-another-awesome
-cv.cls
Document Class: yaac-another-awesome-cv 2020/03/24 v2.2.1 'YAAC: Another Awesom
e CV' Class
("C:/Program Files/MiKTeX/tex/latex/base/article.cls"
Document Class: article 2023/05/17 v1.4n Standard LaTeX document class
("C:/Program Files/MiKTeX/tex/latex/base/size10.clo"
File: size10.clo 2023/05/17 v1.4n Standard LaTeX file (size option)
luaotfload | db : Font names database loaded from C:/Users/vedant/AppData/Local/
MiKTeX/luatex-cache/generic/names/luaotfload-names.luc.gz)
\c@part=\count185
\c@section=\count186
\c@subsection=\count187
\c@subsubsection=\count188
\c@paragraph=\count189
\c@subparagraph=\count190
\c@figure=\count191
\c@table=\count192
\abovecaptionskip=\skip48
\belowcaptionskip=\skip49
\bibindent=\dimen139
)
("C:/Program Files/MiKTeX/tex/generic/babel/babel.sty"
Package: babel 2024/01/07 v24.1 The Babel package

("C:/Program Files/MiKTeX/tex/generic/babel/luababel.def"
\bbl@readstream=\read2
\l@afrikaans=\language2
Package babel Info: Non-standard hyphenation setup on input line 118.
\l@ancientgreek=\language3
\l@armenian=\language4
\l@assamese=\language5
\l@basque=\language6
\l@belarusian=\language7
\l@bengali=\language8
\l@bokmal=\language9
\l@bulgarian=\language10
\l@catalan=\language11
\l@churchslavonic=\language12
\l@classiclatin=\language13
\l@coptic=\language14
\l@croatian=\language15
\l@czech=\language16
\l@danish=\language17
\l@dutch=\language18
\l@esperanto=\language19
\l@estonian=\language20
\l@ethiopic=\language21
\l@finnish=\language22
\l@french=\language23
\l@friulan=\language24
\l@galician=\language25
\l@georgian=\language26
\l@german=\language27
\l@greek=\language28
\l@gujarati=\language29
\l@hindi=\language30
\l@hungarian=\language31
\l@icelandic=\language32
\l@indonesian=\language33
\l@interlingua=\language34
\l@irish=\language35
\l@italian=\language36
\l@kannada=\language37
\l@kurmanji=\language38
\l@latin=\language39
\l@latvian=\language40
\l@lithuanian=\language41
\l@liturgicallatin=\language42
\l@macedonian=\language43
\l@malayalam=\language44
\l@marathi=\language45
\l@mongolian=\language46
\l@mongolianlmc=\language47
\l@monogreek=\language48
\l@ngerman=\language49
\l@nynorsk=\language50
\l@occitan=\language51
\l@oriya=\language52
\l@pali=\language53
\l@panjabi=\language54
\l@piedmontese=\language55
\l@polish=\language56
\l@portuguese=\language57
\l@romanian=\language58
\l@romansh=\language59
\l@russian=\language60
\l@sanskrit=\language61
\l@serbian=\language62
\l@serbianc=\language63
\l@slovak=\language64
\l@slovenian=\language65
\l@spanish=\language66
\l@swedish=\language67
\l@swissgerman=\language68
\l@tamil=\language69
\l@telugu=\language70
\l@thai=\language71
\l@turkish=\language72
\l@turkmen=\language73
\l@ukenglish=\language74
\l@ukrainian=\language75
\l@uppersorbian=\language76
\l@usenglishmax=\language77
\l@welsh=\language78
\babelcatcodetablenum=\catcodetable14
\bbl@pattcodes=\catcodetable15
)
\babel@savecnt=\count193
\U@D=\dimen140
\l@unhyphenated=\language79

("C:/Program Files/MiKTeX/tex/generic/babel/luababel.def"
\bbl@attr@locale=\attribute4
)
*************************************
* Local config file bblopts.cfg used
*
("C:/Program Files/MiKTeX/tex/latex/arabi/bblopts.cfg"
File: bblopts.cfg 2005/09/08 v0.1 add Arabic and Farsi to "declared" options of
 babel
)
("C:/Program Files/MiKTeX/tex/latex/babel-english/english.ldf"
Language: english 2017/06/06 v3.3r English support from the babel system
Package babel Info: Hyphen rules for 'canadian' set to \l@english
(babel)             (\language0). Reported on input line 102.
Package babel Info: Hyphen rules for 'australian' set to \l@ukenglish
(babel)             (\language74). Reported on input line 105.
Package babel Info: Hyphen rules for 'newzealand' set to \l@ukenglish
(babel)             (\language74). Reported on input line 108.
)
("C:/Program Files/MiKTeX/tex/generic/babel-french/french.ldf"
Language: french 2024-07-25 v3.6c French support from the babel system
Package babel Info: Hyphen rules for 'acadian' set to \l@french
(babel)             (\language23). Reported on input line 91.
Package babel Info: Hyphen rules for 'canadien' set to \l@french
(babel)             (\language23). Reported on input line 92.
\FB@stdchar=\count194
\FB@spacing=\attribute5
\FB@addDPspace=\attribute6
\FB@addGUILspace=\attribute7
\FB@ucsNBSP=\attribute8
\FB@dialect=\attribute9
Package french.ldf Info: No need for active punctuation characters
(french.ldf)             with this version of LuaTeX!
(french.ldf)             reported on input line 250.
\FBguill@level=\count195
\FBold@everypar=\toks17
\FB@Mht=\dimen141
\mc@charclass=\count196
\mc@charfam=\count197
\mc@charslot=\count198
\std@mcc=\count199
\dec@mcc=\count266
Inserting `frenchb.french_punctuation' in `kerning'.
\FB@parskip=\dimen142
\listindentFB=\dimen143
\descindentFB=\dimen144
\labelindentFB=\dimen145
\labelwidthFB=\dimen146
\leftmarginFB=\dimen147
\parindentFFN=\dimen148
\FBfnindent=\dimen149

("C:/Program Files/MiKTeX/tex/generic/hyph-utf8/loadhyph/loadhyph-fr.tex"
UTF-8 French hyphenation patterns
("C:/Program Files/MiKTeX/tex/generic/hyph-utf8/patterns/tex/hyph-fr.tex")
("C:/Program Files/MiKTeX/tex/generic/hyph-utf8/patterns/quote/hyph-quote-fr.te
x")))) ("C:/Program Files/MiKTeX/tex/generic/babel/locale/fr/babel-french.tex"
Package babel Info: Importing font and identification data for french
(babel)             from babel-fr.ini. Reported on input line 11.
) ("C:/Program Files/MiKTeX/tex/generic/babel/locale/en/babel-english.tex"
Package babel Info: Importing font and identification data for english
(babel)             from babel-en.ini. Reported on input line 11.
)
("C:/Program Files/MiKTeX/tex/latex/carlisle/scalefnt.sty")
("C:/Program Files/MiKTeX/tex/lualatex/luainputenc/luainputenc.sty"
Package: luainputenc 2010/11/19 v0.973 inputenc package for LuaTeX

("C:/Program Files/MiKTeX/tex/generic/iftex/ifluatex.sty"
Package: ifluatex 2019/10/25 v1.5 ifluatex legacy package. Use iftex instead.

("C:/Program Files/MiKTeX/tex/generic/iftex/iftex.sty"
Package: iftex 2022/02/03 v1.0f TeX engine tests
))
("C:/Program Files/MiKTeX/tex/generic/iftex/ifxetex.sty"
Package: ifxetex 2019/10/25 v0.7 ifxetex legacy package. Use iftex instead.
)
("C:/Program Files/MiKTeX/tex/luatex/luatexbase/luatexbase.sty"
Package: luatexbase 2015/10/04 v1.3 luatexbase interface to LuaTeX 

("C:/Program Files/MiKTeX/tex/luatex/ctablestack/ctablestack.sty"
Package: ctablestack 2015/10/01 v1.0 Catcode table stable support
\@catcodetablestackcnt=\count267
)
\CatcodeTableOther=\catcodetable16
\CatcodeTableExpl=\catcodetable17
)
Lua module: luainputenc 2010/05/10 0.97 Lua simple inputenc package.
\inpenc@prehook=\toks18
\inpenc@posthook=\toks19

("C:/Program Files/MiKTeX/tex/lualatex/luainputenc/lutf8.def"
File: lutf8.def 2010/05/10 v0.97 UTF-8 support for luainputenc
Now handling font encoding OML ...
... no UTF-8 mapping file for font encoding OML
Now handling font encoding OMS ...
... processing UTF-8 mapping file for font encodingOMS

("C:/Program Files/MiKTeX/tex/latex/base/omsenc.dfu"
File: omsenc.dfu 2022/06/07 v1.3c UTF-8 support
)
Now handling font encoding OT1 ...
... processing UTF-8 mapping file for font encodingOT1

("C:/Program Files/MiKTeX/tex/latex/base/ot1enc.dfu"
File: ot1enc.dfu 2022/06/07 v1.3c UTF-8 support
)
Now handling font encoding T1 ...
... processing UTF-8 mapping file for font encodingT1

("C:/Program Files/MiKTeX/tex/latex/base/t1enc.dfu"
File: t1enc.dfu 2022/06/07 v1.3c UTF-8 support
)
Now handling font encoding TS1 ...
... processing UTF-8 mapping file for font encodingTS1

("C:/Program Files/MiKTeX/tex/latex/base/ts1enc.dfu"
File: ts1enc.dfu 2022/06/07 v1.3c UTF-8 support
)
Now handling font encoding TU ...
... no UTF-8 mapping file for font encoding TU
Now handling font encoding OMX ...
... no UTF-8 mapping file for font encoding OMX
Now handling font encoding U ...
... no UTF-8 mapping file for font encoding U
))
("C:/Program Files/MiKTeX/tex/latex/fontspec/fontspec.sty"
("C:/Program Files/MiKTeX/tex/latex/l3packages/xparse/xparse.sty"
("C:/Program Files/MiKTeX/tex/latex/l3kernel/expl3.sty"
Package: expl3 2024-01-04 L3 programming layer (loader) 

("C:/Program Files/MiKTeX/tex/latex/l3backend/l3backend-luatex.def"
File: l3backend-luatex.def 2024-01-04 L3 backend support: PDF output (LuaTeX)
\l__color_backend_stack_int=\count268
Inserting `l3color' in `luaotfload.parse_color'.
\l__pdf_internal_box=\box51
))
Package: xparse 2023-10-10 L3 Experimental document command parser
)
Package: fontspec 2022/01/15 v2.8a Font selection for XeLaTeX and LuaLaTeX
Lua module: fontspec 2022/01/15 2.8a Font selection for XeLaTeX and LuaLaTeX
("C:/Program Files/MiKTeX/tex/latex/fontspec/fontspec-luatex.sty"
Package: fontspec-luatex 2022/01/15 v2.8a Font selection for XeLaTeX and LuaLaT
eX
\l__fontspec_script_int=\count269
\l__fontspec_language_int=\count270
\l__fontspec_strnum_int=\count271
\l__fontspec_tmp_int=\count272
\l__fontspec_tmpa_int=\count273
\l__fontspec_tmpb_int=\count274
\l__fontspec_tmpc_int=\count275
\l__fontspec_em_int=\count276
\l__fontspec_emdef_int=\count277
\l__fontspec_strong_int=\count278
\l__fontspec_strongdef_int=\count279
\l__fontspec_tmpa_dim=\dimen150
\l__fontspec_tmpb_dim=\dimen151
\l__fontspec_tmpc_dim=\dimen152

("C:/Program Files/MiKTeX/tex/latex/base/fontenc.sty"
Package: fontenc 2021/04/29 v2.0v Standard LaTeX package
)
("C:/Program Files/MiKTeX/tex/latex/fontspec/fontspec.cfg")))
("C:/Program Files/MiKTeX/tex/latex/url/url.sty"
\Urlmuskip=\muskip16
Package: url 2013/09/16  ver 3.4  Verb mode for urls, etc.
)
("C:/Program Files/MiKTeX/tex/latex/parskip/parskip.sty"
Package: parskip 2021-03-14 v2.0h non-zero parskip adjustments

("C:/Program Files/MiKTeX/tex/latex/kvoptions/kvoptions.sty"
Package: kvoptions 2022-06-15 v3.15 Key value format for package options (HO)

("C:/Program Files/MiKTeX/tex/latex/graphics/keyval.sty"
Package: keyval 2022/05/29 v1.15 key=value parser (DPC)
\KV@toks@=\toks20
)
("C:/Program Files/MiKTeX/tex/generic/ltxcmds/ltxcmds.sty"
Package: ltxcmds 2023-12-04 v1.26 LaTeX kernel commands for general use (HO)
)
("C:/Program Files/MiKTeX/tex/latex/kvsetkeys/kvsetkeys.sty"
Package: kvsetkeys 2022-10-05 v1.19 Key value parser (HO)
))
("C:/Program Files/MiKTeX/tex/latex/etoolbox/etoolbox.sty"
Package: etoolbox 2020/10/05 v2.5k e-TeX tools for LaTeX (JAW)
\etb@tempcnta=\count280
))
("C:/Program Files/MiKTeX/tex/latex/xcolor/xcolor.sty"
Package: xcolor 2023/11/15 v3.01 LaTeX color extensions (UK)

("C:/Program Files/MiKTeX/tex/latex/graphics-cfg/color.cfg"
File: color.cfg 2016/01/02 v1.6 sample color configuration
)

Package xcolor Warning: Package option `usenames' is obsolete and ignored on in
put line 266.

Package xcolor Info: Driver file: luatex.def on input line 274.
("C:/Program Files/MiKTeX/tex/latex/graphics-def/luatex.def"
File: luatex.def 2022/09/22 v1.2d Graphics/color driver for luatex
)
("C:/Program Files/MiKTeX/tex/latex/graphics/mathcolor.ltx")
Package xcolor Info: Model `cmy' substituted by `cmy0' on input line 1350.
Package xcolor Info: Model `hsb' substituted by `rgb' on input line 1354.
Package xcolor Info: Model `RGB' extended on input line 1366.
Package xcolor Info: Model `HTML' substituted by `rgb' on input line 1368.
Package xcolor Info: Model `Hsb' substituted by `hsb' on input line 1369.
Package xcolor Info: Model `tHsb' substituted by `hsb' on input line 1370.
Package xcolor Info: Model `HSB' substituted by `hsb' on input line 1371.
Package xcolor Info: Model `Gray' substituted by `gray' on input line 1372.
Package xcolor Info: Model `wave' substituted by `hsb' on input line 1373.
)
("C:/Program Files/MiKTeX/tex/latex/graphics/dvipsnam.def"
File: dvipsnam.def 2016/06/17 v3.0m Driver-dependent file (DPC,SPQR)
)
("C:/Program Files/MiKTeX/tex/latex/preprint/fullpage.sty"
Package: fullpage 1999/02/23 1.1 (PWD)
\FP@margin=\skip50
)
("C:/Program Files/MiKTeX/tex/latex/geometry/geometry.sty"
Package: geometry 2020/01/02 v5.9 Page Geometry

("C:/Program Files/MiKTeX/tex/generic/iftex/ifvtex.sty"
Package: ifvtex 2019/10/25 v1.7 ifvtex legacy package. Use iftex instead.
)
\Gm@cnth=\count281
\Gm@cntv=\count282
\c@Gm@tempcnt=\count283
\Gm@bindingoffset=\dimen153
\Gm@wd@mp=\dimen154
\Gm@odd@mp=\dimen155
\Gm@even@mp=\dimen156
\Gm@layoutwidth=\dimen157
\Gm@layoutheight=\dimen158
\Gm@layouthoffset=\dimen159
\Gm@layoutvoffset=\dimen160
\Gm@dimlist=\toks21

("C:/Program Files/MiKTeX/tex/latex/geometry/geometry.cfg"))
("C:/Program Files/MiKTeX/tex/latex/fontawesome5/fontawesome5.sty"
Package: fontawesome5 2022/05/02 v5.15.4 Font Awesome 5

("C:/Program Files/MiKTeX/tex/latex/l3packages/l3keys2e/l3keys2e.sty"
Package: l3keys2e 2023-10-10 LaTeX2e option processing using LaTeX3 keys
)
("C:/Program Files/MiKTeX/tex/latex/fontawesome5/fontawesome5-utex-helper.sty"
Package: fontawesome5-utex-helper 2022/05/02 v5.15.4 uTeX helper for fontawesom
e5
LaTeX Font Info:    Trying to load font information for TU+fontawesomefree on i
nput line 69.

("C:/Program Files/MiKTeX/tex/latex/fontawesome5/tufontawesomefree.fd")
LaTeX Font Info:    Trying to load font information for TU+fontawesomebrands on
 input line 70.

("C:/Program Files/MiKTeX/tex/latex/fontawesome5/tufontawesomebrands.fd")))
("C:/Program Files/MiKTeX/tex/latex/hyperref/hyperref.sty"
Package: hyperref 2023-11-26 v7.01g Hypertext links for LaTeX

("C:/Program Files/MiKTeX/tex/generic/infwarerr/infwarerr.sty"
Package: infwarerr 2019/12/03 v1.5 Providing info/warning/error messages (HO)
)
("C:/Program Files/MiKTeX/tex/generic/kvdefinekeys/kvdefinekeys.sty"
Package: kvdefinekeys 2019-12-19 v1.6 Define keys (HO)
)
("C:/Program Files/MiKTeX/tex/generic/pdfescape/pdfescape.sty"
Package: pdfescape 2019/12/09 v1.15 Implements pdfTeX's escape features (HO)

("C:/Program Files/MiKTeX/tex/generic/pdftexcmds/pdftexcmds.sty"
Package: pdftexcmds 2020-06-27 v0.33 Utility functions of pdfTeX for LuaTeX (HO
)
Package pdftexcmds Info: \pdf@primitive is available.
Package pdftexcmds Info: \pdf@ifprimitive is available.
Package pdftexcmds Info: \pdfdraftmode found.
\pdftexcmds@toks=\toks22
))
("C:/Program Files/MiKTeX/tex/latex/hycolor/hycolor.sty"
Package: hycolor 2020-01-27 v1.10 Color options for hyperref/bookmark (HO)
)
("C:/Program Files/MiKTeX/tex/latex/letltxmacro/letltxmacro.sty"
Package: letltxmacro 2019/12/03 v1.6 Let assignment for LaTeX macros (HO)
)
("C:/Program Files/MiKTeX/tex/latex/auxhook/auxhook.sty"
Package: auxhook 2019-12-17 v1.6 Hooks for auxiliary files (HO)
)
("C:/Program Files/MiKTeX/tex/latex/hyperref/nameref.sty"
Package: nameref 2023-11-26 v2.56 Cross-referencing by name of section

("C:/Program Files/MiKTeX/tex/latex/refcount/refcount.sty"
Package: refcount 2019/12/15 v3.6 Data extraction from label references (HO)
)
("C:/Program Files/MiKTeX/tex/generic/gettitlestring/gettitlestring.sty"
Package: gettitlestring 2019/12/15 v1.6 Cleanup title references (HO)
)
\c@section@level=\count284
)
\@linkdim=\dimen161
\Hy@linkcounter=\count285
\Hy@pagecounter=\count286

("C:/Program Files/MiKTeX/tex/latex/hyperref/pd1enc.def"
File: pd1enc.def 2023-11-26 v7.01g Hyperref: PDFDocEncoding definition (HO)
NowhandlingfontencodingPD1...
...noUTF-8mappingfileforfontencodingPD1
)
("C:/Program Files/MiKTeX/tex/generic/intcalc/intcalc.sty"
Package: intcalc 2019/12/15 v1.3 Expandable calculations with integers (HO)
)
\Hy@SavedSpaceFactor=\count287

("C:/Program Files/MiKTeX/tex/latex/hyperref/puenc.def"
File: puenc.def 2023-11-26 v7.01g Hyperref: PDF Unicode definition (HO)
NowhandlingfontencodingPU...
...noUTF-8mappingfileforfontencodingPU
)
Package hyperref Info: Hyper figures OFF on input line 4181.
Package hyperref Info: Link nesting OFF on input line 4186.
Package hyperref Info: Hyper index ON on input line 4189.
Package hyperref Info: Plain pages OFF on input line 4196.
Package hyperref Info: Backreferencing OFF on input line 4201.
Package hyperref Info: Implicit mode ON; LaTeX internals redefined.
Package hyperref Info: Bookmarks ON on input line 4448.
\c@Hy@tempcnt=\count288
LaTeX Info: Redefining \url on input line 4786.
\XeTeXLinkMargin=\dimen162

("C:/Program Files/MiKTeX/tex/generic/bitset/bitset.sty"
Package: bitset 2019/12/09 v1.3 Handle bit-vector datatype (HO)

("C:/Program Files/MiKTeX/tex/generic/bigintcalc/bigintcalc.sty"
Package: bigintcalc 2019/12/15 v1.5 Expandable calculations on big integers (HO
)
))
\Fld@menulength=\count289
\Field@Width=\dimen163
\Fld@charsize=\dimen164
Package hyperref Info: Hyper figures OFF on input line 6065.
Package hyperref Info: Link nesting OFF on input line 6070.
Package hyperref Info: Hyper index ON on input line 6073.
Package hyperref Info: backreferencing OFF on input line 6080.
Package hyperref Info: Link coloring OFF on input line 6085.
Package hyperref Info: Link coloring with OCG OFF on input line 6090.
Package hyperref Info: PDF/A mode OFF on input line 6095.

("C:/Program Files/MiKTeX/tex/latex/base/atbegshi-ltx.sty"
Package: atbegshi-ltx 2021/01/10 v1.0c Emulation of the original atbegshi
package with kernel methods
)
\Hy@abspage=\count290
\c@Item=\count291
\c@Hfootnote=\count292
)
Package hyperref Info: Driver (autodetected): hluatex.

("C:/Program Files/MiKTeX/tex/latex/hyperref/hluatex.def"
File: hluatex.def 2023-11-26 v7.01g Hyperref driver for luaTeX

("C:/Program Files/MiKTeX/tex/generic/stringenc/stringenc.sty"
Package: stringenc 2019/11/29 v1.12 Convert strings between diff. encodings (HO
)
)
("C:/Program Files/MiKTeX/tex/latex/base/atveryend-ltx.sty"
Package: atveryend-ltx 2020/08/19 v1.0a Emulation of the original atveryend pac
kage
with kernel methods
)
\Fld@listcount=\count293
\c@bookmark@seq@number=\count294

("C:/Program Files/MiKTeX/tex/latex/rerunfilecheck/rerunfilecheck.sty"
Package: rerunfilecheck 2022-07-10 v1.10 Rerun checks for auxiliary files (HO)

("C:/Program Files/MiKTeX/tex/generic/uniquecounter/uniquecounter.sty"
Package: uniquecounter 2019/12/15 v1.4 Provide unlimited unique counter (HO)
)
Package uniquecounter Info: New unique counter `rerunfilecheck' on input line 2
85.
)
\Hy@SectionHShift=\skip51
)
("C:/Program Files/MiKTeX/tex/latex/titlesec/titlesec.sty"
Package: titlesec 2025/01/04 v2.17 Sectioning titles
\ttl@box=\box52
\beforetitleunit=\skip52
\aftertitleunit=\skip53
\ttl@plus=\dimen165
\ttl@minus=\dimen166
\ttl@toksa=\toks23
\titlewidth=\dimen167
\titlewidthlast=\dimen168
\titlewidthfirst=\dimen169
)
("C:/Program Files/MiKTeX/tex/latex/tools/array.sty"
Package: array 2023/10/16 v2.5g Tabular extension package (FMi)
\col@sep=\dimen170
\ar@mcellbox=\box53
\extrarowheight=\dimen171
\NC@list=\toks24
\extratabsurround=\skip54
\backup@length=\skip55
\ar@cellbox=\box54
)
("C:/Program Files/MiKTeX/tex/latex/enumitem/enumitem.sty"
Package: enumitem 2025/02/06 v3.11 Customized lists
\labelindent=\skip56
\enit@outerparindent=\dimen172
\enit@toks=\toks25
\enit@inbox=\box55
\enit@count@id=\count295
\enitdp@description=\count296
)
("C:/Program Files/MiKTeX/tex/latex/tools/longtable.sty"
Package: longtable 2023-11-01 v4.19 Multi-page Table package (DPC)
\LTleft=\skip57
\LTright=\skip58
\LTpre=\skip59
\LTpost=\skip60
\LTchunksize=\count297
\LTcapwidth=\dimen173
\LT@head=\box56
\LT@firsthead=\box57
\LT@foot=\box58
\LT@lastfoot=\box59
\LT@gbox=\box60
\LT@cols=\count298
\LT@rows=\count299
\c@LT@tables=\count300
\c@LT@chunks=\count301
\LT@p@ftn=\toks26
)
("C:/Program Files/MiKTeX/tex/latex/pgf/frontendlayer/tikz.sty"
("C:/Program Files/MiKTeX/tex/latex/pgf/basiclayer/pgf.sty"
("C:/Program Files/MiKTeX/tex/latex/pgf/utilities/pgfrcs.sty"
("C:/Program Files/MiKTeX/tex/generic/pgf/utilities/pgfutil-common.tex"
\pgfutil@everybye=\toks27
\pgfutil@tempdima=\dimen174
\pgfutil@tempdimb=\dimen175
)
("C:/Program Files/MiKTeX/tex/generic/pgf/utilities/pgfutil-latex.def"
\pgfutil@abb=\box61
)
("C:/Program Files/MiKTeX/tex/generic/pgf/utilities/pgfrcs.code.tex"
("C:/Program Files/MiKTeX/tex/generic/pgf/pgf.revision.tex")
Package: pgfrcs 2023-01-15 v3.1.10 (3.1.10)
))
Package: pgf 2023-01-15 v3.1.10 (3.1.10)

("C:/Program Files/MiKTeX/tex/latex/pgf/basiclayer/pgfcore.sty"
("C:/Program Files/MiKTeX/tex/latex/graphics/graphicx.sty"
Package: graphicx 2021/09/16 v1.2d Enhanced LaTeX Graphics (DPC,SPQR)

("C:/Program Files/MiKTeX/tex/latex/graphics/graphics.sty"
Package: graphics 2022/03/10 v1.4e Standard LaTeX Graphics (DPC,SPQR)

("C:/Program Files/MiKTeX/tex/latex/graphics/trig.sty"
Package: trig 2021/08/11 v1.11 sin cos tan (DPC)
)
("C:/Program Files/MiKTeX/tex/latex/graphics-cfg/graphics.cfg"
File: graphics.cfg 2016/06/04 v1.11 sample graphics configuration
)
Package graphics Info: Driver file: luatex.def on input line 107.
)
\Gin@req@height=\dimen176
\Gin@req@width=\dimen177
)
("C:/Program Files/MiKTeX/tex/latex/pgf/systemlayer/pgfsys.sty"
("C:/Program Files/MiKTeX/tex/generic/pgf/systemlayer/pgfsys.code.tex"
Package: pgfsys 2023-01-15 v3.1.10 (3.1.10)

("C:/Program Files/MiKTeX/tex/generic/pgf/utilities/pgfkeys.code.tex"
\pgfkeys@pathtoks=\toks28
\pgfkeys@temptoks=\toks29

("C:/Program Files/MiKTeX/tex/generic/pgf/utilities/pgfkeyslibraryfiltered.code
.tex"
\pgfkeys@tmptoks=\toks30
))
\pgf@x=\dimen178
\pgf@y=\dimen179
\pgf@xa=\dimen180
\pgf@ya=\dimen181
\pgf@xb=\dimen182
\pgf@yb=\dimen183
\pgf@xc=\dimen184
\pgf@yc=\dimen185
\pgf@xd=\dimen186
\pgf@yd=\dimen187
\w@pgf@writea=\write3
\r@pgf@reada=\read3
\c@pgf@counta=\count302
\c@pgf@countb=\count303
\c@pgf@countc=\count304
\c@pgf@countd=\count305
\t@pgf@toka=\toks31
\t@pgf@tokb=\toks32
\t@pgf@tokc=\toks33
\pgf@sys@id@count=\count306
 ("C:/Program Files/MiKTeX/tex/generic/pgf/systemlayer/pgf.cfg"
File: pgf.cfg 2023-01-15 v3.1.10 (3.1.10)
)
Driver file for pgf: pgfsys-luatex.def

("C:/Program Files/MiKTeX/tex/generic/pgf/systemlayer/pgfsys-luatex.def"
File: pgfsys-luatex.def 2023-01-15 v3.1.10 (3.1.10)

("C:/Program Files/MiKTeX/tex/generic/pgf/systemlayer/pgfsys-common-pdf.def"
File: pgfsys-common-pdf.def 2023-01-15 v3.1.10 (3.1.10)
))) ("C:/Program Files/MiKTeX/tex/generic/pgf/systemlayer/pgfsyssoftpath.code.t
ex"
File: pgfsyssoftpath.code.tex 2023-01-15 v3.1.10 (3.1.10)
\pgfsyssoftpath@smallbuffer@items=\count307
\pgfsyssoftpath@bigbuffer@items=\count308
) ("C:/Program Files/MiKTeX/tex/generic/pgf/systemlayer/pgfsysprotocol.code.tex
"
File: pgfsysprotocol.code.tex 2023-01-15 v3.1.10 (3.1.10)
)) ("C:/Program Files/MiKTeX/tex/generic/pgf/basiclayer/pgfcore.code.tex"
Package: pgfcore 2023-01-15 v3.1.10 (3.1.10)

("C:/Program Files/MiKTeX/tex/generic/pgf/math/pgfmath.code.tex"
("C:/Program Files/MiKTeX/tex/generic/pgf/math/pgfmathutil.code.tex")
("C:/Program Files/MiKTeX/tex/generic/pgf/math/pgfmathparser.code.tex"
\pgfmath@dimen=\dimen188
\pgfmath@count=\count309
\pgfmath@box=\box62
\pgfmath@toks=\toks34
\pgfmath@stack@operand=\toks35
\pgfmath@stack@operation=\toks36
)
("C:/Program Files/MiKTeX/tex/generic/pgf/math/pgfmathfunctions.code.tex")
("C:/Program Files/MiKTeX/tex/generic/pgf/math/pgfmathfunctions.basic.code.tex"
)
("C:/Program Files/MiKTeX/tex/generic/pgf/math/pgfmathfunctions.trigonometric.c
ode.tex")
("C:/Program Files/MiKTeX/tex/generic/pgf/math/pgfmathfunctions.random.code.tex
")
("C:/Program Files/MiKTeX/tex/generic/pgf/math/pgfmathfunctions.comparison.code
.tex")
("C:/Program Files/MiKTeX/tex/generic/pgf/math/pgfmathfunctions.base.code.tex") ("C:/Program Files/MiKTeX/tex/generic/pgf/math/pgfmathfunctions.round.code.tex") ("C:/Program Files/MiKTeX/tex/generic/pgf/math/pgfmathfunctions.misc.code.tex")
("C:/Program Files/MiKTeX/tex/generic/pgf/math/pgfmathfunctions.integerarithmet
ics.code.tex")
("C:/Program Files/MiKTeX/tex/generic/pgf/math/pgfmathcalc.code.tex")
("C:/Program Files/MiKTeX/tex/generic/pgf/math/pgfmathfloat.code.tex"
\c@pgfmathroundto@lastzeros=\count310
))
("C:/Program Files/MiKTeX/tex/generic/pgf/math/pgfint.code.tex")
("C:/Program Files/MiKTeX/tex/generic/pgf/basiclayer/pgfcorepoints.code.tex"
File: pgfcorepoints.code.tex 2023-01-15 v3.1.10 (3.1.10)
\pgf@picminx=\dimen189
\pgf@picmaxx=\dimen190
\pgf@picminy=\dimen191
\pgf@picmaxy=\dimen192
\pgf@pathminx=\dimen193
\pgf@pathmaxx=\dimen194
\pgf@pathminy=\dimen195
\pgf@pathmaxy=\dimen196
\pgf@xx=\dimen197
\pgf@xy=\dimen198
\pgf@yx=\dimen199
\pgf@yy=\dimen256
\pgf@zx=\dimen257
\pgf@zy=\dimen258
)
("C:/Program Files/MiKTeX/tex/generic/pgf/basiclayer/pgfcorepathconstruct.code.
tex"
File: pgfcorepathconstruct.code.tex 2023-01-15 v3.1.10 (3.1.10)
\pgf@path@lastx=\dimen259
\pgf@path@lasty=\dimen260
)
("C:/Program Files/MiKTeX/tex/generic/pgf/basiclayer/pgfcorepathusage.code.tex"
File: pgfcorepathusage.code.tex 2023-01-15 v3.1.10 (3.1.10)
\pgf@shorten@end@additional=\dimen261
\pgf@shorten@start@additional=\dimen262
) ("C:/Program Files/MiKTeX/tex/generic/pgf/basiclayer/pgfcorescopes.code.tex"
File: pgfcorescopes.code.tex 2023-01-15 v3.1.10 (3.1.10)
\pgfpic=\box63
\pgf@hbox=\box64
\pgf@layerbox@main=\box65
\pgf@picture@serial@count=\count311
)
("C:/Program Files/MiKTeX/tex/generic/pgf/basiclayer/pgfcoregraphicstate.code.t
ex"
File: pgfcoregraphicstate.code.tex 2023-01-15 v3.1.10 (3.1.10)
\pgflinewidth=\dimen263
)
("C:/Program Files/MiKTeX/tex/generic/pgf/basiclayer/pgfcoretransformations.cod
e.tex"
File: pgfcoretransformations.code.tex 2023-01-15 v3.1.10 (3.1.10)
\pgf@pt@x=\dimen264
\pgf@pt@y=\dimen265
\pgf@pt@temp=\dimen266
)
("C:/Program Files/MiKTeX/tex/generic/pgf/basiclayer/pgfcorequick.code.tex"
File: pgfcorequick.code.tex 2023-01-15 v3.1.10 (3.1.10)
)
("C:/Program Files/MiKTeX/tex/generic/pgf/basiclayer/pgfcoreobjects.code.tex"
File: pgfcoreobjects.code.tex 2023-01-15 v3.1.10 (3.1.10)
)
("C:/Program Files/MiKTeX/tex/generic/pgf/basiclayer/pgfcorepathprocessing.code
.tex"
File: pgfcorepathprocessing.code.tex 2023-01-15 v3.1.10 (3.1.10)
)
("C:/Program Files/MiKTeX/tex/generic/pgf/basiclayer/pgfcorearrows.code.tex"
File: pgfcorearrows.code.tex 2023-01-15 v3.1.10 (3.1.10)
\pgfarrowsep=\dimen267
)
("C:/Program Files/MiKTeX/tex/generic/pgf/basiclayer/pgfcoreshade.code.tex"
File: pgfcoreshade.code.tex 2023-01-15 v3.1.10 (3.1.10)
\pgf@max=\dimen268
\pgf@sys@shading@range@num=\count312
\pgf@shadingcount=\count313
)
("C:/Program Files/MiKTeX/tex/generic/pgf/basiclayer/pgfcoreimage.code.tex"
File: pgfcoreimage.code.tex 2023-01-15 v3.1.10 (3.1.10)
)
("C:/Program Files/MiKTeX/tex/generic/pgf/basiclayer/pgfcoreexternal.code.tex"
File: pgfcoreexternal.code.tex 2023-01-15 v3.1.10 (3.1.10)
\pgfexternal@startupbox=\box66
) ("C:/Program Files/MiKTeX/tex/generic/pgf/basiclayer/pgfcorelayers.code.tex"
File: pgfcorelayers.code.tex 2023-01-15 v3.1.10 (3.1.10)
)
("C:/Program Files/MiKTeX/tex/generic/pgf/basiclayer/pgfcoretransparency.code.t
ex"
File: pgfcoretransparency.code.tex 2023-01-15 v3.1.10 (3.1.10)
)
("C:/Program Files/MiKTeX/tex/generic/pgf/basiclayer/pgfcorepatterns.code.tex"
File: pgfcorepatterns.code.tex 2023-01-15 v3.1.10 (3.1.10)
) ("C:/Program Files/MiKTeX/tex/generic/pgf/basiclayer/pgfcorerdf.code.tex"
File: pgfcorerdf.code.tex 2023-01-15 v3.1.10 (3.1.10)
)))
("C:/Program Files/MiKTeX/tex/generic/pgf/modules/pgfmoduleshapes.code.tex"
File: pgfmoduleshapes.code.tex 2023-01-15 v3.1.10 (3.1.10)
\pgfnodeparttextbox=\box67
)
("C:/Program Files/MiKTeX/tex/generic/pgf/modules/pgfmoduleplot.code.tex"
File: pgfmoduleplot.code.tex 2023-01-15 v3.1.10 (3.1.10)
)
("C:/Program Files/MiKTeX/tex/latex/pgf/compatibility/pgfcomp-version-0-65.sty"
Package: pgfcomp-version-0-65 2023-01-15 v3.1.10 (3.1.10)
\pgf@nodesepstart=\dimen269
\pgf@nodesepend=\dimen270
) ("C:/Program Files/MiKTeX/tex/latex/pgf/compatibility/pgfcomp-version-1-18.st
y"
Package: pgfcomp-version-1-18 2023-01-15 v3.1.10 (3.1.10)
)) ("C:/Program Files/MiKTeX/tex/latex/pgf/utilities/pgffor.sty"
("C:/Program Files/MiKTeX/tex/latex/pgf/utilities/pgfkeys.sty"
("C:/Program Files/MiKTeX/tex/generic/pgf/utilities/pgfkeys.code.tex"))
("C:/Program Files/MiKTeX/tex/latex/pgf/math/pgfmath.sty"
("C:/Program Files/MiKTeX/tex/generic/pgf/math/pgfmath.code.tex"))
("C:/Program Files/MiKTeX/tex/generic/pgf/utilities/pgffor.code.tex"
Package: pgffor 2023-01-15 v3.1.10 (3.1.10)
\pgffor@iter=\dimen271
\pgffor@skip=\dimen272
\pgffor@stack=\toks37
\pgffor@toks=\toks38
))
("C:/Program Files/MiKTeX/tex/generic/pgf/frontendlayer/tikz/tikz.code.tex"
Package: tikz 2023-01-15 v3.1.10 (3.1.10)

("C:/Program Files/MiKTeX/tex/generic/pgf/libraries/pgflibraryplothandlers.code
.tex"
File: pgflibraryplothandlers.code.tex 2023-01-15 v3.1.10 (3.1.10)
\pgf@plot@mark@count=\count314
\pgfplotmarksize=\dimen273
)
\tikz@lastx=\dimen274
\tikz@lasty=\dimen275
\tikz@lastxsaved=\dimen276
\tikz@lastysaved=\dimen277
\tikz@lastmovetox=\dimen278
\tikz@lastmovetoy=\dimen279
\tikzleveldistance=\dimen280
\tikzsiblingdistance=\dimen281
\tikz@figbox=\box68
\tikz@figbox@bg=\box69
\tikz@tempbox=\box70
\tikz@tempbox@bg=\box71
\tikztreelevel=\count315
\tikznumberofchildren=\count316
\tikznumberofcurrentchild=\count317
\tikz@fig@count=\count318

("C:/Program Files/MiKTeX/tex/generic/pgf/modules/pgfmodulematrix.code.tex"
File: pgfmodulematrix.code.tex 2023-01-15 v3.1.10 (3.1.10)
\pgfmatrixcurrentrow=\count319
\pgfmatrixcurrentcolumn=\count320
\pgf@matrix@numberofcolumns=\count321
)
\tikz@expandcount=\count322

("C:/Program Files/MiKTeX/tex/generic/pgf/frontendlayer/tikz/libraries/tikzlibr
arytopaths.code.tex"
File: tikzlibrarytopaths.code.tex 2023-01-15 v3.1.10 (3.1.10)
)))
("C:/Program Files/MiKTeX/tex/latex/tcolorbox/tcolorbox.sty"
Package: tcolorbox 2024/01/10 version 6.2.0 text color boxes

("C:/Program Files/MiKTeX/tex/latex/tools/verbatim.sty"
Package: verbatim 2023-11-06 v1.5v LaTeX2e package for verbatim enhancements
\every@verbatim=\toks39
\verbatim@line=\toks40
\verbatim@in@stream=\read4
)
("C:/Program Files/MiKTeX/tex/latex/environ/environ.sty"
Package: environ 2014/05/04 v0.3 A new way to define environments

("C:/Program Files/MiKTeX/tex/latex/trimspaces/trimspaces.sty"
Package: trimspaces 2009/09/17 v1.1 Trim spaces around a token list
)
\@envbody=\toks41
)
\tcb@titlebox=\box72
\tcb@upperbox=\box73
\tcb@lowerbox=\box74
\tcb@phantombox=\box75
\c@tcbbreakpart=\count323
\c@tcblayer=\count324
\c@tcolorbox@number=\count325
\l__tcobox_tmpa_box=\box76
\l__tcobox_tmpa_dim=\dimen282
\tcb@temp=\box77
\tcb@temp=\box78
\tcb@temp=\box79
\tcb@temp=\box80

("C:/Program Files/MiKTeX/tex/latex/tcolorbox/tcbskins.code.tex"
Library (tcolorbox): 'tcbskins.code.tex' version '6.2.0'
("C:/Program Files/MiKTeX/tex/latex/tikzfill/tikzfill.image.sty"
Package: tikzfill.image 2023/08/08 v1.0.1 Image filling library for TikZ

("C:/Program Files/MiKTeX/tex/latex/tikzfill/tikzfill-common.sty"
Package: tikzfill-common 2023/08/08 v1.0.1 Auxiliary code for tikzfill
)
("C:/Program Files/MiKTeX/tex/latex/tikzfill/tikzlibraryfill.image.code.tex"
File: tikzlibraryfill.image.code.tex 2023/08/08 v1.0.1 Image filling library
\l__tikzfill_img_box=\box81
))
("C:/Program Files/MiKTeX/tex/latex/tcolorbox/tcbskinsjigsaw.code.tex"
Library (tcolorbox): 'tcbskinsjigsaw.code.tex' version '6.2.0'
))) ("C:/Program Files/MiKTeX/tex/latex/fancyhdr/fancyhdr.sty"
Package: fancyhdr 2025/02/07 v5.2 Extensive control of page headers and footers

\f@nch@headwidth=\skip61
\f@nch@offset@elh=\skip62
\f@nch@offset@erh=\skip63
\f@nch@offset@olh=\skip64
\f@nch@offset@orh=\skip65
\f@nch@offset@elf=\skip66
\f@nch@offset@erf=\skip67
\f@nch@offset@olf=\skip68
\f@nch@offset@orf=\skip69
\f@nch@height=\skip70
\f@nch@footalignment=\skip71
\f@nch@widthL=\skip72
\f@nch@widthC=\skip73
\f@nch@widthR=\skip74
\@temptokenb=\toks42
)
("C:/Program Files/MiKTeX/tex/latex/base/ifthen.sty"
Package: ifthen 2022/04/13 v1.1d Standard LaTeX ifthen package (DPC)
)
Package hyperref Info: Option `breaklinks' set `true' on input line 119.
luaotfload | db : Reload initiated (formats: otf,ttf,ttc); reason: File not foun
d: "fonts/SourceSansPro-Light".

Package fontspec Warning: Input mapping not supported in LuaTeX.
(fontspec)                 Use "Ligatures=TeX" instead of "Mapping=tex-text".

luaotfload | aux : font no 23 (nil) does not define feature smcp for script latn
 with language dflt

Package fontspec Info: Font family 'SourceSansPro-Light(0)' created for font
(fontspec)             'SourceSansPro-Light' with options
(fontspec)             [Mapping=tex-text,Ligatures=TeX,Path = fonts/,BoldFont
(fontspec)             = SourceSansPro-Regular,ItalicFont =
(fontspec)             SourceSansPro-LightIt].
(fontspec)              
(fontspec)              This font family consists of the following NFSS
(fontspec)             series/shapes:
(fontspec)              
(fontspec)             - 'normal' (m/n) with NFSS spec.:
(fontspec)             <->"[fonts/SourceSansPro-Light]:mode=node;script=latn;la
nguage=dflt;+tlig;"
(fontspec)             - 'small caps'  (m/sc) with NFSS spec.:
(fontspec)             <->"[fonts/SourceSansPro-Light]:mode=node;script=latn;la
nguage=dflt;+tlig;+smcp;"
(fontspec)             - 'bold' (b/n) with NFSS spec.:
(fontspec)             <->"[fonts/SourceSansPro-Regular]:mode=node;script=latn;
language=dflt;+tlig;"
(fontspec)             - 'bold small caps'  (b/sc) with NFSS spec.:
(fontspec)             <->"[fonts/SourceSansPro-Regular]:mode=node;script=latn;
language=dflt;+tlig;+smcp;"
(fontspec)             - 'italic' (m/it) with NFSS spec.:
(fontspec)             <->"[fonts/SourceSansPro-LightIt]:mode=node;script=latn;
language=dflt;+tlig;"
(fontspec)             - 'italic small caps'  (m/scit) with NFSS spec.: 

\fulllength=\skip75
\leftcolumnlength=\skip76
\rightcolumnlength=\skip77
) ("./Ravindra cv.aux")
\openout1 = Ravindra cv.aux

LaTeX Font Info:    Checking defaults for OML/cmm/m/it on input line 27.
LaTeX Font Info:    ... okay on input line 27.
LaTeX Font Info:    Checking defaults for OMS/cmsy/m/n on input line 27.
LaTeX Font Info:    ... okay on input line 27.
LaTeX Font Info:    Checking defaults for OT1/cmr/m/n on input line 27.
LaTeX Font Info:    ... okay on input line 27.
LaTeX Font Info:    Checking defaults for T1/cmr/m/n on input line 27.
LaTeX Font Info:    ... okay on input line 27.
LaTeX Font Info:    Checking defaults for TS1/cmr/m/n on input line 27.
LaTeX Font Info:    Trying to load font information for TS1+cmr on input line 2
7.
 ("C:/Program Files/MiKTeX/tex/latex/base/ts1cmr.fd"
File: ts1cmr.fd 2023/04/13 v2.5m Standard LaTeX font definitions
)
LaTeX Font Info:    ... okay on input line 27.
LaTeX Font Info:    Checking defaults for TU/lmr/m/n on input line 27.
LaTeX Font Info:    ... okay on input line 27.
LaTeX Font Info:    Checking defaults for OMX/cmex/m/n on input line 27.
LaTeX Font Info:    ... okay on input line 27.
LaTeX Font Info:    Checking defaults for U/cmr/m/n on input line 27.
LaTeX Font Info:    ... okay on input line 27.
LaTeX Font Info:    Checking defaults for PD1/pdf/m/n on input line 27.
LaTeX Font Info:    ... okay on input line 27.
LaTeX Font Info:    Checking defaults for PU/pdf/m/n on input line 27.
LaTeX Font Info:    ... okay on input line 27.
Package french.ldf Info: Setting StandardItemizeEnv=true for
(french.ldf)             compatibility with enumitem package,
(french.ldf)             reported on input line 27.
Package french.ldf Info: Setting StandardEnumerateEnv=true for
(french.ldf)             compatibility with enumitem package,
(french.ldf)             reported on input line 27.
LaTeX Info: Redefining \up on input line 27.

Package fontspec Info: Adjusting the maths setup (use [no-math] to avoid
(fontspec)             this).

\symlegacymaths=\mathgroup4
LaTeX Font Info:    Overwriting symbol font `legacymaths' in version `bold'
(Font)                  OT1/cmr/m/n --> OT1/cmr/bx/n on input line 27.
LaTeX Font Info:    Redeclaring math accent \acute on input line 27.
LaTeX Font Info:    Redeclaring math accent \grave on input line 27.
LaTeX Font Info:    Redeclaring math accent \ddot on input line 27.
LaTeX Font Info:    Redeclaring math accent \tilde on input line 27.
LaTeX Font Info:    Redeclaring math accent \bar on input line 27.
LaTeX Font Info:    Redeclaring math accent \breve on input line 27.
LaTeX Font Info:    Redeclaring math accent \check on input line 27.
LaTeX Font Info:    Redeclaring math accent \hat on input line 27.
LaTeX Font Info:    Redeclaring math accent \dot on input line 27.
LaTeX Font Info:    Redeclaring math accent \mathring on input line 27.
LaTeX Font Info:    Redeclaring math symbol \colon on input line 27.
LaTeX Font Info:    Redeclaring math symbol \Gamma on input line 27.
LaTeX Font Info:    Redeclaring math symbol \Delta on input line 27.
LaTeX Font Info:    Redeclaring math symbol \Theta on input line 27.
LaTeX Font Info:    Redeclaring math symbol \Lambda on input line 27.
LaTeX Font Info:    Redeclaring math symbol \Xi on input line 27.
LaTeX Font Info:    Redeclaring math symbol \Pi on input line 27.
LaTeX Font Info:    Redeclaring math symbol \Sigma on input line 27.
LaTeX Font Info:    Redeclaring math symbol \Upsilon on input line 27.
LaTeX Font Info:    Redeclaring math symbol \Phi on input line 27.
LaTeX Font Info:    Redeclaring math symbol \Psi on input line 27.
LaTeX Font Info:    Redeclaring math symbol \Omega on input line 27.
LaTeX Font Info:    Redeclaring math symbol \mathdollar on input line 27.
LaTeX Font Info:    Redeclaring symbol font `operators' on input line 27.
LaTeX Font Info:    Encoding `OT1' has changed to `TU' for symbol font
(Font)              `operators' in the math version `normal' on input line 27.
LaTeX Font Info:    Overwriting symbol font `operators' in version `normal'
(Font)                  OT1/cmr/m/n --> TU/SourceSansPro-Light(0)/m/n on input 
line 27.
LaTeX Font Info:    Encoding `OT1' has changed to `TU' for symbol font
(Font)              `operators' in the math version `bold' on input line 27.
LaTeX Font Info:    Overwriting symbol font `operators' in version `bold'
(Font)                  OT1/cmr/bx/n --> TU/SourceSansPro-Light(0)/m/n on input
 line 27.
LaTeX Font Info:    Overwriting symbol font `operators' in version `normal'
(Font)                  TU/SourceSansPro-Light(0)/m/n --> TU/SourceSansPro-Ligh
t(0)/m/n on input line 27.
LaTeX Font Info:    Overwriting math alphabet `\mathit' in version `normal'
(Font)                  OT1/cmr/m/it --> TU/SourceSansPro-Light(0)/m/it on inpu
t line 27.
LaTeX Font Info:    Overwriting math alphabet `\mathbf' in version `normal'
(Font)                  OT1/cmr/bx/n --> TU/SourceSansPro-Light(0)/b/n on input
 line 27.
LaTeX Font Info:    Overwriting math alphabet `\mathsf' in version `normal'
(Font)                  OT1/cmss/m/n --> TU/lmss/m/n on input line 27.
LaTeX Font Info:    Overwriting math alphabet `\mathtt' in version `normal'
(Font)                  OT1/cmtt/m/n --> TU/lmtt/m/n on input line 27.
LaTeX Font Info:    Overwriting symbol font `operators' in version `bold'
(Font)                  TU/SourceSansPro-Light(0)/m/n --> TU/SourceSansPro-Ligh
t(0)/b/n on input line 27.
LaTeX Font Info:    Overwriting math alphabet `\mathit' in version `bold'
(Font)                  OT1/cmr/bx/it --> TU/SourceSansPro-Light(0)/b/it on inp
ut line 27.
LaTeX Font Info:    Overwriting math alphabet `\mathsf' in version `bold'
(Font)                  OT1/cmss/bx/n --> TU/lmss/b/n on input line 27.
LaTeX Font Info:    Overwriting math alphabet `\mathtt' in version `bold'
(Font)                  OT1/cmtt/m/n --> TU/lmtt/b/n on input line 27.

("C:/Program Files/MiKTeX/tex/context/base/mkii/supp-pdf.mkii"
[Loading MPS to PDF converter (version 2006.09.02).]
\scratchcounter=\count326
\scratchdimen=\dimen283
\scratchbox=\box82
\nofMPsegments=\count327
\nofMParguments=\count328
\everyMPshowfont=\toks43
\MPscratchCnt=\count329
\MPscratchDim=\dimen284
\MPnumerator=\count330
\makeMPintoPDFobject=\count331
\everyMPtoPDFconversion=\toks44
) ("C:/Program Files/MiKTeX/tex/latex/epstopdf-pkg/epstopdf-base.sty"
Package: epstopdf-base 2020-01-24 v2.11 Base part for package epstopdf
Package epstopdf-base Info: Redefining graphics rule for `.eps' on input line 4
85.

("C:/Program Files/MiKTeX/tex/latex/00miktex/epstopdf-sys.cfg"
File: epstopdf-sys.cfg 2021/03/18 v2.0 Configuration of epstopdf for MiKTeX
))
*geometry* driver: auto-detecting
*geometry* detected driver: luatex
*geometry* verbose mode - [ preamble ] result:
* driver: luatex
* paper: <default>
* layout: <same size as paper>
* layoutoffset:(h,v)=(0.0pt,0.0pt)
* modes: 
* h-part:(L,W,R)=(42.67912pt, 512.14963pt, 42.67912pt)
* v-part:(T,H,B)=(42.67912pt, 759.6886pt, 42.67912pt)
* \paperwidth=597.50787pt
* \paperheight=845.04684pt
* \textwidth=512.14963pt
* \textheight=759.6886pt
* \oddsidemargin=-29.59087pt
* \evensidemargin=-29.59087pt
* \topmargin=-29.59087pt
* \headheight=0.0pt
* \headsep=0.0pt
* \topskip=10.0pt
* \footskip=30.0pt
* \marginparwidth=57.0pt
* \marginparsep=11.0pt
* \columnsep=10.0pt
* \skip\footins=9.0pt plus 4.0pt minus 2.0pt
* \hoffset=0.0pt
* \voffset=0.0pt
* \mag=1000
* \@twocolumnfalse
* \@twosidefalse
* \@mparswitchfalse
* \@reversemarginfalse
* (1in=72.27pt=25.4mm, 1cm=28.453pt)

Package hyperref Info: Link coloring OFF on input line 27.
("./Ravindra cv.out") ("./Ravindra cv.out")
\@outlinefile=\write4

\openout4 = Ravindra cv.out

Underfull \hbox (badness 10000) in paragraph at lines 28--28

 []

LaTeX Font Info:    External font `cmex10' loaded for size
(Font)              <7> on input line 28.
LaTeX Font Info:    External font `cmex10' loaded for size
(Font)              <5> on input line 28.
<ravi.jpg, id=20, 943.72575pt x 943.72575pt>
File: ravi.jpg Graphic file (type jpg)
<use ravi.jpg>
Package luatex.def Info: ravi.jpg  used on input line 28.
(luatex.def)             Requested size: 943.72345pt x 943.72345pt.

Underfull \hbox (badness 10000) in paragraph at lines 28--28
[][]
 []


Underfull \hbox (badness 10000) in paragraph at lines 28--28

 []

(./section_headline.tex) (./section_experience.tex
Overfull \hbox (18.7095pt too wide) in alignment at lines 4--141
 [][] 
 []

[1

{C:/Users/vedant/AppData/Local/MiKTeX/fonts/map/pdftex/pdftex.map}<./ravi.jpg>]
) (./section_education.tex) (./section_interests.tex
Overfull \hbox (18.30951pt too wide) in paragraph at lines 23--11
[][]
 []


Underfull \hbox (badness 10000) in paragraph at lines 23--11

 []

)
Overfull \hbox (6.07048pt too wide) in paragraph at lines 15--38
[][]
 []


Underfull \hbox (badness 10000) in paragraph at lines 15--38

 []

[2] ("./Ravindra cv.aux")
 ***********
LaTeX2e <2023-11-01> patch level 1
L3 programming layer <2024-01-04>
 ***********
Package rerunfilecheck Info: File `"Ravindra cv".out' has not changed.
(rerunfilecheck)             Checksum: <no file>.
)

Here is how much of LuaTeX's memory you used:
 32601 strings out of 476497
 305423,1977958 words of node,token memory allocated
 1014 words of node memory still in use:
   4 hlist, 1 vlist, 1 rule, 20 glue, 3 kern, 1 penalty, 2 glyph, 152 attribute,
 72 glue_spec, 23 attribute_list, 2 write, 1 pdf_action nodes
   avail lists: 1:10,2:22884,3:3211,4:332,5:3764,6:241,7:21570,8:2,9:2310,10:10,
11:1945
 53875 multiletter control sequences out of 65536+600000
 49 fonts using 7584799 bytes
 117i,12n,114p,1225b,1088s stack positions out of 10000i,1000n,20000p,200000b,200000s
<//?/c:/program files/miktex/fonts/opentype/public/fontawesome5/fontawesome5bran
ds-regular-400.otf><//?/c:/program files/miktex/fonts/opentype/public/fontawesom
e5/fontawesome5free-solid-900.otf><./fonts/SourceSansPro-Light.otf><./fonts/Sour
ceSansPro-Regular.otf>
Output written on Ravindra cv.pdf (2 pages, 1705859 bytes).

PDF statistics: 77 PDF objects out of 1000 (max. 8388607)
 7 named destinations out of 1000 (max. 131072)
 40 words of extra memory for PDF output out of 10000 (max. 100000000)

